[32m2026-05-21 10:36:14 +1000[0m - dagster - [34mDEBUG[0m - film_meta_job - 32293845-6634-47fc-b900-a9234fe5396c - 75944 - LOGS_CAPTURED - Capturing logs for process (pid: 75944).
[32m2026-05-21 10:36:14 +1000[0m - dagster - [34mDEBUG[0m - film_meta_job - 32293845-6634-47fc-b900-a9234fe5396c - 75944 - film_meta - STEP_START - Started execution of step "film_meta".
2026-05-21 10:36:14  INFO  Context impl SQLiteImpl.
2026-05-21 10:36:14  INFO  Will assume non-transactional DDL.
[32m2026-05-21 10:36:14 +1000[0m - dagster - [34mDEBUG[0m - film_meta_job - 32293845-6634-47fc-b900-a9234fe5396c - film_meta - Loading file from: /Users/jonathanchapman/Documents/git/film_synopsis_meta/.tmp_dagster_home_dp655qzx/storage/films_source using PickledObjectFilesystemIOManager...
[32m2026-05-21 10:36:14 +1000[0m - dagster - [34mDEBUG[0m - film_meta_job - 32293845-6634-47fc-b900-a9234fe5396c - 75944 - film_meta - LOADED_INPUT - Loaded input "films_source" using input manager "io_manager", from output "result" of step "films_source"
[32m2026-05-21 10:36:14 +1000[0m - dagster - [34mDEBUG[0m - film_meta_job - 32293845-6634-47fc-b900-a9234fe5396c - 75944 - film_meta - STEP_INPUT - Got input "films_source" of type "DataFrame". (Type check passed).
2026-05-21 10:36:14  INFO  film_meta skip-distributors: -2135 → 16564
2026-05-21 10:36:14  INFO  film_meta diff: 2663 already done — 13901 to extract
2026-05-21 10:36:14  WARNING  Re-release filter skipped (No module named 'rapidfuzz')
2026-05-21 10:36:14  INFO  Loaded film_meta checkpoint: 2663 films already done
2026-05-21 10:36:14  INFO  film_meta: 2663 in checkpoint — 13901 to extract
2026-05-21 10:36:14  INFO  film_meta batch 1/557  (25 films)
2026-05-21 10:37:44  INFO    Checkpoint saved: 2686 films → /Users/jonathanchapman/Documents/data/film_meta/film_meta_progress.json
2026-05-21 10:37:44  INFO    Errors this batch: 2 (ambiguous=1, json_parse_failed=1) → /Users/jonathanchapman/Documents/data/film_meta/film_meta_errors.json
2026-05-21 10:37:44  INFO    Batch cost: $0.1395  |  Run total: $0.1395
2026-05-21 10:37:47  INFO  film_meta batch 2/557  (25 films)
[32m2026-05-21 10:38:56 +1000[0m - dagster - [34mERROR[0m - [31mfilm_meta_job - 32293845-6634-47fc-b900-a9234fe5396c - 75944 - film_meta - STEP_FAILURE - Execution of step "film_meta" failed.

dagster._core.errors.DagsterExecutionInterruptedError

Stack Trace:
  File "/Users/jonathanchapman/Documents/git/film_synopsis_meta/.venv/lib/python3.11/site-packages/dagster/_core/execution/plan/execute_plan.py", line 243, in dagster_event_sequence_for_step
    yield from check.generator(step_events)
  File "/Users/jonathanchapman/Documents/git/film_synopsis_meta/.venv/lib/python3.11/site-packages/dagster/_core/execution/plan/execute_step.py", line 505, in core_dagster_event_sequence_for_step
    for user_event in _step_output_error_checked_user_event_sequence(
  File "/Users/jonathanchapman/Documents/git/film_synopsis_meta/.venv/lib/python3.11/site-packages/dagster/_core/execution/plan/execute_step.py", line 184, in _step_output_error_checked_user_event_sequence
    for user_event in user_event_sequence:
  File "/Users/jonathanchapman/Documents/git/film_synopsis_meta/.venv/lib/python3.11/site-packages/dagster/_core/execution/plan/execute_step.py", line 88, in _process_asset_results_to_events
    for user_event in user_event_sequence:
  File "/Users/jonathanchapman/Documents/git/film_synopsis_meta/.venv/lib/python3.11/site-packages/dagster/_core/execution/plan/compute.py", line 188, in execute_core_compute
    for step_output in _yield_compute_results(step_context, inputs, compute_fn, compute_context):
  File "/Users/jonathanchapman/Documents/git/film_synopsis_meta/.venv/lib/python3.11/site-packages/dagster/_core/execution/plan/compute.py", line 157, in _yield_compute_results
    for event in iterate_with_context(
  File "/Users/jonathanchapman/Documents/git/film_synopsis_meta/.venv/lib/python3.11/site-packages/dagster/_utils/__init__.py", line 394, in iterate_with_context
    next_output = next(iterator)
                  ^^^^^^^^^^^^^^
  File "/Users/jonathanchapman/Documents/git/film_synopsis_meta/.venv/lib/python3.11/site-packages/dagster/_core/execution/plan/compute_generator.py", line 135, in _coerce_op_compute_fn_to_iterator
    result = invoke_compute_fn(
             ^^^^^^^^^^^^^^^^^^
  File "/Users/jonathanchapman/Documents/git/film_synopsis_meta/.venv/lib/python3.11/site-packages/dagster/_core/execution/plan/compute_generator.py", line 115, in invoke_compute_fn
    return fn(context, **args_to_pass) if context_arg_provided else fn(**args_to_pass)
                                                                    ^^^^^^^^^^^^^^^^^^
  File "/Users/jonathanchapman/Documents/git/film_synopsis_meta/dagster_defs.py", line 57, in film_meta
    return refresh_film_meta(films_source)
           ^^^^^^^^^^^^^^^^^^^^^^^^^^^^^^^
  File "/Users/jonathanchapman/Documents/git/film_synopsis_meta/refresh.py", line 631, in refresh_film_meta
  File "/Users/jonathanchapman/.local/share/uv/python/cpython-3.11.15-macos-aarch64-none/lib/python3.11/asyncio/runners.py", line 190, in run
    return runner.run(main)
           ^^^^^^^^^^^^^^^^
  File "/Users/jonathanchapman/.local/share/uv/python/cpython-3.11.15-macos-aarch64-none/lib/python3.11/asyncio/runners.py", line 118, in run
    return self._loop.run_until_complete(task)
           ^^^^^^^^^^^^^^^^^^^^^^^^^^^^^^^^^^^
  File "/Users/jonathanchapman/.local/share/uv/python/cpython-3.11.15-macos-aarch64-none/lib/python3.11/asyncio/base_events.py", line 641, in run_until_complete
    self.run_forever()
  File "/Users/jonathanchapman/.local/share/uv/python/cpython-3.11.15-macos-aarch64-none/lib/python3.11/asyncio/base_events.py", line 608, in run_forever
    self._run_once()
  File "/Users/jonathanchapman/.local/share/uv/python/cpython-3.11.15-macos-aarch64-none/lib/python3.11/asyncio/base_events.py", line 1898, in _run_once
    event_list = self._selector.select(timeout)
                 ^^^^^^^^^^^^^^^^^^^^^^^^^^^^^^
  File "/Users/jonathanchapman/.local/share/uv/python/cpython-3.11.15-macos-aarch64-none/lib/python3.11/selectors.py", line 566, in select
    kev_list = self._selector.control(None, max_ev, timeout)
               ^^^^^^^^^^^^^^^^^^^^^^^^^^^^^^^^^^^^^^^^^^^^^
  File "/Users/jonathanchapman/Documents/git/film_synopsis_meta/.venv/lib/python3.11/site-packages/dagster/_utils/interrupts.py", line 81, in _new_signal_handler
    raise error_cls()
[0m
