[32m2026-05-21 10:42:35 +1000[0m - dagster - [34mDEBUG[0m - film_meta_job - 1aff99b2-ddda-46e9-96ad-b9309d742f46 - 76443 - LOGS_CAPTURED - Capturing logs for process (pid: 76443).
[32m2026-05-21 10:42:35 +1000[0m - dagster - [34mDEBUG[0m - film_meta_job - 1aff99b2-ddda-46e9-96ad-b9309d742f46 - 76443 - film_meta - STEP_START - Started execution of step "film_meta".
2026-05-21 10:42:35  INFO  Context impl SQLiteImpl.
2026-05-21 10:42:35  INFO  Will assume non-transactional DDL.
[32m2026-05-21 10:42:35 +1000[0m - dagster - [34mDEBUG[0m - film_meta_job - 1aff99b2-ddda-46e9-96ad-b9309d742f46 - film_meta - Loading file from: /Users/jonathanchapman/Documents/git/film_synopsis_meta/.tmp_dagster_home_dp655qzx/storage/films_source using PickledObjectFilesystemIOManager...
[32m2026-05-21 10:42:35 +1000[0m - dagster - [34mDEBUG[0m - film_meta_job - 1aff99b2-ddda-46e9-96ad-b9309d742f46 - 76443 - film_meta - LOADED_INPUT - Loaded input "films_source" using input manager "io_manager", from output "result" of step "films_source"
[32m2026-05-21 10:42:35 +1000[0m - dagster - [34mDEBUG[0m - film_meta_job - 1aff99b2-ddda-46e9-96ad-b9309d742f46 - 76443 - film_meta - STEP_INPUT - Got input "films_source" of type "DataFrame". (Type check passed).
2026-05-21 10:42:35  INFO  film_meta skip-distributors: -585 → 4263
2026-05-21 10:42:35  INFO  film_meta diff: 2686 already done — 1597 to extract
2026-05-21 10:42:35  INFO  Snowflake Connector for Python Version: 4.5.0, Python Version: 3.11.15, Platform: macOS-26.3.1-arm64-arm-64bit
2026-05-21 10:42:35  INFO  Connecting to GLOBAL Snowflake domain
2026-05-21 10:42:39  INFO  Full Snowflake catalogue loaded for re-release lookup: 18699 films
2026-05-21 10:42:39  WARNING  Re-release filter skipped (No module named 'rapidfuzz')
2026-05-21 10:42:39  INFO  Loaded film_meta checkpoint: 2686 films already done
2026-05-21 10:42:39  INFO  film_meta: 2686 in checkpoint — 1597 to extract
2026-05-21 10:42:39  INFO  film_meta batch 1/64  (25 films)
2026-05-21 10:44:29  INFO    Checkpoint saved: 2694 films → /Users/jonathanchapman/Documents/data/film_meta/film_meta_progress.json
2026-05-21 10:44:29  INFO    Errors this batch: 17 (json_parse_failed=16, ambiguous=1) → /Users/jonathanchapman/Documents/data/film_meta/film_meta_errors.json
2026-05-21 10:44:29  INFO    Batch cost: $0.1338  |  Run total: $0.1338
2026-05-21 10:44:32  INFO  film_meta batch 2/64  (25 films)
2026-05-21 10:46:27  INFO    Checkpoint saved: 2716 films → /Users/jonathanchapman/Documents/data/film_meta/film_meta_progress.json
2026-05-21 10:46:27  INFO    Errors this batch: 3 (json_parse_failed=3) → /Users/jonathanchapman/Documents/data/film_meta/film_meta_errors.json
2026-05-21 10:46:27  INFO    Batch cost: $0.1610  |  Run total: $0.2949
2026-05-21 10:46:30  INFO  film_meta batch 3/64  (25 films)
2026-05-21 10:48:41  INFO    Checkpoint saved: 2741 films → /Users/jonathanchapman/Documents/data/film_meta/film_meta_progress.json
2026-05-21 10:48:41  INFO    Batch cost: $0.1659  |  Run total: $0.4608
2026-05-21 10:48:44  INFO  film_meta batch 4/64  (25 films)
2026-05-21 10:50:49  INFO    Checkpoint saved: 2766 films → /Users/jonathanchapman/Documents/data/film_meta/film_meta_progress.json
2026-05-21 10:50:49  INFO    Batch cost: $0.1770  |  Run total: $0.6378
2026-05-21 10:50:52  INFO  film_meta batch 5/64  (25 films)
2026-05-21 10:52:43  INFO    Checkpoint saved: 2791 films → /Users/jonathanchapman/Documents/data/film_meta/film_meta_progress.json
2026-05-21 10:52:43  INFO    Batch cost: $0.1648  |  Run total: $0.8026
2026-05-21 10:52:46  INFO  film_meta batch 6/64  (25 films)
2026-05-21 10:54:44  INFO    Checkpoint saved: 2816 films → /Users/jonathanchapman/Documents/data/film_meta/film_meta_progress.json
2026-05-21 10:54:44  INFO    Batch cost: $0.1671  |  Run total: $0.9697
2026-05-21 10:54:47  INFO  film_meta batch 7/64  (25 films)
2026-05-21 10:56:41  INFO    Checkpoint saved: 2841 films → /Users/jonathanchapman/Documents/data/film_meta/film_meta_progress.json
2026-05-21 10:56:41  INFO    Batch cost: $0.1684  |  Run total: $1.1381
2026-05-21 10:56:44  INFO  film_meta batch 8/64  (25 films)
2026-05-21 10:58:42  INFO    Checkpoint saved: 2866 films → /Users/jonathanchapman/Documents/data/film_meta/film_meta_progress.json
2026-05-21 10:58:42  INFO    Batch cost: $0.1704  |  Run total: $1.3085
2026-05-21 10:58:45  INFO  film_meta batch 9/64  (25 films)
2026-05-21 11:00:54  INFO    Checkpoint saved: 2891 films → /Users/jonathanchapman/Documents/data/film_meta/film_meta_progress.json
2026-05-21 11:00:54  INFO    Batch cost: $0.1748  |  Run total: $1.4833
2026-05-21 11:00:57  INFO  film_meta batch 10/64  (25 films)
2026-05-21 11:02:56  INFO    Checkpoint saved: 2916 films → /Users/jonathanchapman/Documents/data/film_meta/film_meta_progress.json
2026-05-21 11:02:56  INFO    Batch cost: $0.1584  |  Run total: $1.6417
2026-05-21 11:02:59  INFO  film_meta batch 11/64  (25 films)
2026-05-21 11:05:21  INFO    Checkpoint saved: 2941 films → /Users/jonathanchapman/Documents/data/film_meta/film_meta_progress.json
2026-05-21 11:05:21  INFO    Batch cost: $0.1754  |  Run total: $1.8171
2026-05-21 11:05:24  INFO  film_meta batch 12/64  (25 films)
2026-05-21 11:07:26  INFO    Checkpoint saved: 2966 films → /Users/jonathanchapman/Documents/data/film_meta/film_meta_progress.json
2026-05-21 11:07:26  INFO    Batch cost: $0.1710  |  Run total: $1.9880
2026-05-21 11:07:29  INFO  film_meta batch 13/64  (25 films)
2026-05-21 11:09:08  INFO    Checkpoint saved: 2991 films → /Users/jonathanchapman/Documents/data/film_meta/film_meta_progress.json
2026-05-21 11:09:08  INFO    Batch cost: $0.1522  |  Run total: $2.1403
2026-05-21 11:09:11  INFO  film_meta batch 14/64  (25 films)
2026-05-21 11:11:13  INFO    Checkpoint saved: 3016 films → /Users/jonathanchapman/Documents/data/film_meta/film_meta_progress.json
2026-05-21 11:11:13  INFO    Batch cost: $0.1665  |  Run total: $2.3068
2026-05-21 11:11:16  INFO  film_meta batch 15/64  (25 films)
2026-05-21 11:13:24  INFO    Checkpoint saved: 3041 films → /Users/jonathanchapman/Documents/data/film_meta/film_meta_progress.json
2026-05-21 11:13:24  INFO    Batch cost: $0.1681  |  Run total: $2.4748
2026-05-21 11:13:27  INFO  film_meta batch 16/64  (25 films)
2026-05-21 11:15:20  INFO    Checkpoint saved: 3066 films → /Users/jonathanchapman/Documents/data/film_meta/film_meta_progress.json
2026-05-21 11:15:20  INFO    Batch cost: $0.1598  |  Run total: $2.6346
2026-05-21 11:15:23  INFO  film_meta batch 17/64  (25 films)
2026-05-21 11:17:11  INFO    Checkpoint saved: 3091 films → /Users/jonathanchapman/Documents/data/film_meta/film_meta_progress.json
2026-05-21 11:17:11  INFO    Batch cost: $0.1617  |  Run total: $2.7963
2026-05-21 11:17:14  INFO  film_meta batch 18/64  (25 films)
2026-05-21 11:19:42  INFO    Checkpoint saved: 3116 films → /Users/jonathanchapman/Documents/data/film_meta/film_meta_progress.json
2026-05-21 11:19:42  INFO    Batch cost: $0.1906  |  Run total: $2.9869
2026-05-21 11:19:45  INFO  film_meta batch 19/64  (25 films)
2026-05-21 11:21:51  INFO    Checkpoint saved: 3141 films → /Users/jonathanchapman/Documents/data/film_meta/film_meta_progress.json
2026-05-21 11:21:51  INFO    Batch cost: $0.1659  |  Run total: $3.1528
2026-05-21 11:21:54  INFO  film_meta batch 20/64  (25 films)
2026-05-21 11:23:44  INFO    Checkpoint saved: 3166 films → /Users/jonathanchapman/Documents/data/film_meta/film_meta_progress.json
2026-05-21 11:23:44  INFO    Batch cost: $0.1589  |  Run total: $3.3117
2026-05-21 11:23:47  INFO  film_meta batch 21/64  (25 films)
2026-05-21 11:25:42  INFO    Checkpoint saved: 3191 films → /Users/jonathanchapman/Documents/data/film_meta/film_meta_progress.json
2026-05-21 11:25:42  INFO    Batch cost: $0.1655  |  Run total: $3.4772
2026-05-21 11:25:45  INFO  film_meta batch 22/64  (25 films)
2026-05-21 11:27:52  INFO    Checkpoint saved: 3216 films → /Users/jonathanchapman/Documents/data/film_meta/film_meta_progress.json
2026-05-21 11:27:52  INFO    Batch cost: $0.1696  |  Run total: $3.6468
2026-05-21 11:27:55  INFO  film_meta batch 23/64  (25 films)
2026-05-21 11:29:52  INFO    Checkpoint saved: 3241 films → /Users/jonathanchapman/Documents/data/film_meta/film_meta_progress.json
2026-05-21 11:29:52  INFO    Batch cost: $0.1672  |  Run total: $3.8141
2026-05-21 11:29:55  INFO  film_meta batch 24/64  (25 films)
2026-05-21 11:31:57  INFO    Checkpoint saved: 3266 films → /Users/jonathanchapman/Documents/data/film_meta/film_meta_progress.json
2026-05-21 11:31:57  INFO    Batch cost: $0.1613  |  Run total: $3.9754
2026-05-21 11:32:00  INFO  film_meta batch 25/64  (25 films)
2026-05-21 11:33:55  INFO    Checkpoint saved: 3291 films → /Users/jonathanchapman/Documents/data/film_meta/film_meta_progress.json
2026-05-21 11:33:55  INFO    Batch cost: $0.1656  |  Run total: $4.1410
2026-05-21 11:33:58  INFO  film_meta batch 26/64  (25 films)
2026-05-21 11:36:01  INFO    Checkpoint saved: 3316 films → /Users/jonathanchapman/Documents/data/film_meta/film_meta_progress.json
2026-05-21 11:36:01  INFO    Batch cost: $0.1608  |  Run total: $4.3018
2026-05-21 11:36:04  INFO  film_meta batch 27/64  (25 films)
2026-05-21 11:38:04  INFO    Checkpoint saved: 3341 films → /Users/jonathanchapman/Documents/data/film_meta/film_meta_progress.json
2026-05-21 11:38:04  INFO    Batch cost: $0.1592  |  Run total: $4.4610
2026-05-21 11:38:07  INFO  film_meta batch 28/64  (25 films)
2026-05-21 11:40:12  INFO    Checkpoint saved: 3366 films → /Users/jonathanchapman/Documents/data/film_meta/film_meta_progress.json
2026-05-21 11:40:12  INFO    Batch cost: $0.1740  |  Run total: $4.6350
2026-05-21 11:40:15  INFO  film_meta batch 29/64  (25 films)
2026-05-21 11:42:17  INFO    Checkpoint saved: 3391 films → /Users/jonathanchapman/Documents/data/film_meta/film_meta_progress.json
2026-05-21 11:42:17  INFO    Batch cost: $0.1740  |  Run total: $4.8090
2026-05-21 11:42:20  INFO  film_meta batch 30/64  (25 films)
2026-05-21 11:44:20  INFO    Checkpoint saved: 3416 films → /Users/jonathanchapman/Documents/data/film_meta/film_meta_progress.json
2026-05-21 11:44:20  INFO    Batch cost: $0.1667  |  Run total: $4.9757
2026-05-21 11:44:23  INFO  film_meta batch 31/64  (25 films)
2026-05-21 11:46:18  INFO    Checkpoint saved: 3441 films → /Users/jonathanchapman/Documents/data/film_meta/film_meta_progress.json
2026-05-21 11:46:18  INFO    Batch cost: $0.1664  |  Run total: $5.1421
2026-05-21 11:46:21  INFO  film_meta batch 32/64  (25 films)
2026-05-21 11:48:18  INFO    Checkpoint saved: 3466 films → /Users/jonathanchapman/Documents/data/film_meta/film_meta_progress.json
2026-05-21 11:48:18  INFO    Batch cost: $0.1584  |  Run total: $5.3005
2026-05-21 11:48:21  INFO  film_meta batch 33/64  (25 films)
2026-05-21 11:50:26  INFO    Checkpoint saved: 3491 films → /Users/jonathanchapman/Documents/data/film_meta/film_meta_progress.json
2026-05-21 11:50:26  INFO    Batch cost: $0.1584  |  Run total: $5.4589
2026-05-21 11:50:29  INFO  film_meta batch 34/64  (25 films)
2026-05-21 11:52:35  INFO    Checkpoint saved: 3516 films → /Users/jonathanchapman/Documents/data/film_meta/film_meta_progress.json
2026-05-21 11:52:35  INFO    Batch cost: $0.1671  |  Run total: $5.6260
2026-05-21 11:52:38  INFO  film_meta batch 35/64  (25 films)
2026-05-21 11:54:53  INFO    Checkpoint saved: 3541 films → /Users/jonathanchapman/Documents/data/film_meta/film_meta_progress.json
2026-05-21 11:54:53  INFO    Batch cost: $0.1736  |  Run total: $5.7996
2026-05-21 11:54:56  INFO  film_meta batch 36/64  (25 films)
2026-05-21 11:56:50  INFO    Checkpoint saved: 3566 films → /Users/jonathanchapman/Documents/data/film_meta/film_meta_progress.json
2026-05-21 11:56:50  INFO    Batch cost: $0.1572  |  Run total: $5.9568
2026-05-21 11:56:53  INFO  film_meta batch 37/64  (25 films)
2026-05-21 11:59:15  INFO    Checkpoint saved: 3591 films → /Users/jonathanchapman/Documents/data/film_meta/film_meta_progress.json
2026-05-21 11:59:15  INFO    Batch cost: $0.1819  |  Run total: $6.1387
2026-05-21 11:59:18  INFO  film_meta batch 38/64  (25 films)
2026-05-21 12:01:17  INFO    Checkpoint saved: 3616 films → /Users/jonathanchapman/Documents/data/film_meta/film_meta_progress.json
2026-05-21 12:01:17  INFO    Batch cost: $0.1608  |  Run total: $6.2995
2026-05-21 12:01:20  INFO  film_meta batch 39/64  (25 films)
2026-05-21 12:03:43  INFO    Checkpoint saved: 3641 films → /Users/jonathanchapman/Documents/data/film_meta/film_meta_progress.json
2026-05-21 12:03:43  INFO    Batch cost: $0.1845  |  Run total: $6.4839
2026-05-21 12:03:46  INFO  film_meta batch 40/64  (25 films)
2026-05-21 12:05:41  INFO    Checkpoint saved: 3666 films → /Users/jonathanchapman/Documents/data/film_meta/film_meta_progress.json
2026-05-21 12:05:41  INFO    Batch cost: $0.1522  |  Run total: $6.6361
2026-05-21 12:05:44  INFO  film_meta batch 41/64  (25 films)
2026-05-21 12:07:43  INFO    Checkpoint saved: 3691 films → /Users/jonathanchapman/Documents/data/film_meta/film_meta_progress.json
2026-05-21 12:07:43  INFO    Batch cost: $0.1599  |  Run total: $6.7960
2026-05-21 12:07:46  INFO  film_meta batch 42/64  (25 films)
2026-05-21 12:09:45  INFO    Checkpoint saved: 3716 films → /Users/jonathanchapman/Documents/data/film_meta/film_meta_progress.json
2026-05-21 12:09:45  INFO    Batch cost: $0.1689  |  Run total: $6.9649
2026-05-21 12:09:48  INFO  film_meta batch 43/64  (25 films)
2026-05-21 12:12:16  INFO    Checkpoint saved: 3740 films → /Users/jonathanchapman/Documents/data/film_meta/film_meta_progress.json
2026-05-21 12:12:16  INFO    Errors this batch: 1 (json_parse_failed=1) → /Users/jonathanchapman/Documents/data/film_meta/film_meta_errors.json
2026-05-21 12:12:16  INFO    Batch cost: $0.1632  |  Run total: $7.1281
2026-05-21 12:12:19  INFO  film_meta batch 44/64  (25 films)
2026-05-21 12:14:33  INFO    Checkpoint saved: 3765 films → /Users/jonathanchapman/Documents/data/film_meta/film_meta_progress.json
2026-05-21 12:14:33  INFO    Batch cost: $0.1625  |  Run total: $7.2906
2026-05-21 12:14:36  INFO  film_meta batch 45/64  (25 films)
2026-05-21 12:16:52  INFO    Checkpoint saved: 3790 films → /Users/jonathanchapman/Documents/data/film_meta/film_meta_progress.json
2026-05-21 12:16:52  INFO    Batch cost: $0.1718  |  Run total: $7.4624
2026-05-21 12:16:55  INFO  film_meta batch 46/64  (25 films)
2026-05-21 12:19:04  INFO    Checkpoint saved: 3814 films → /Users/jonathanchapman/Documents/data/film_meta/film_meta_progress.json
2026-05-21 12:19:04  INFO    Errors this batch: 1 (json_parse_failed=1) → /Users/jonathanchapman/Documents/data/film_meta/film_meta_errors.json
2026-05-21 12:19:04  INFO    Batch cost: $0.1620  |  Run total: $7.6244
2026-05-21 12:19:07  INFO  film_meta batch 47/64  (25 films)
2026-05-21 12:20:55  INFO    Checkpoint saved: 3839 films → /Users/jonathanchapman/Documents/data/film_meta/film_meta_progress.json
2026-05-21 12:20:55  INFO    Batch cost: $0.1618  |  Run total: $7.7862
2026-05-21 12:20:58  INFO  film_meta batch 48/64  (25 films)
2026-05-21 12:23:04  INFO    Checkpoint saved: 3864 films → /Users/jonathanchapman/Documents/data/film_meta/film_meta_progress.json
2026-05-21 12:23:04  INFO    Batch cost: $0.1674  |  Run total: $7.9536
2026-05-21 12:23:07  INFO  film_meta batch 49/64  (25 films)
2026-05-21 12:25:06  INFO    Checkpoint saved: 3889 films → /Users/jonathanchapman/Documents/data/film_meta/film_meta_progress.json
2026-05-21 12:25:06  INFO    Batch cost: $0.1516  |  Run total: $8.1052
2026-05-21 12:25:09  INFO  film_meta batch 50/64  (25 films)
2026-05-21 12:27:33  INFO    Checkpoint saved: 3914 films → /Users/jonathanchapman/Documents/data/film_meta/film_meta_progress.json
2026-05-21 12:27:33  INFO    Batch cost: $0.1771  |  Run total: $8.2824
2026-05-21 12:27:36  INFO  film_meta batch 51/64  (25 films)
2026-05-21 12:29:34  INFO    Checkpoint saved: 3939 films → /Users/jonathanchapman/Documents/data/film_meta/film_meta_progress.json
2026-05-21 12:29:34  INFO    Batch cost: $0.1616  |  Run total: $8.4440
2026-05-21 12:29:37  INFO  film_meta batch 52/64  (25 films)
2026-05-21 12:31:46  INFO    Checkpoint saved: 3964 films → /Users/jonathanchapman/Documents/data/film_meta/film_meta_progress.json
2026-05-21 12:31:46  INFO    Batch cost: $0.1669  |  Run total: $8.6109
2026-05-21 12:31:49  INFO  film_meta batch 53/64  (25 films)
2026-05-21 12:33:34  INFO    Checkpoint saved: 3989 films → /Users/jonathanchapman/Documents/data/film_meta/film_meta_progress.json
2026-05-21 12:33:34  INFO    Batch cost: $0.1521  |  Run total: $8.7630
2026-05-21 12:33:37  INFO  film_meta batch 54/64  (25 films)
2026-05-21 12:35:27  INFO    Checkpoint saved: 4014 films → /Users/jonathanchapman/Documents/data/film_meta/film_meta_progress.json
2026-05-21 12:35:27  INFO    Batch cost: $0.1524  |  Run total: $8.9154
2026-05-21 12:35:30  INFO  film_meta batch 55/64  (25 films)
2026-05-21 12:37:20  INFO    Checkpoint saved: 4039 films → /Users/jonathanchapman/Documents/data/film_meta/film_meta_progress.json
2026-05-21 12:37:20  INFO    Batch cost: $0.1521  |  Run total: $9.0676
2026-05-21 12:37:23  INFO  film_meta batch 56/64  (25 films)
2026-05-21 12:39:10  INFO    Checkpoint saved: 4063 films → /Users/jonathanchapman/Documents/data/film_meta/film_meta_progress.json
2026-05-21 12:39:10  INFO    Errors this batch: 1 (json_parse_failed=1) → /Users/jonathanchapman/Documents/data/film_meta/film_meta_errors.json
2026-05-21 12:39:10  INFO    Batch cost: $0.1430  |  Run total: $9.2106
2026-05-21 12:39:13  INFO  film_meta batch 57/64  (25 films)
2026-05-21 12:40:43  INFO  Retrying request to /responses in 60.000000 seconds
2026-05-21 12:41:50  INFO    Checkpoint saved: 4088 films → /Users/jonathanchapman/Documents/data/film_meta/film_meta_progress.json
2026-05-21 12:41:50  INFO    Batch cost: $0.1527  |  Run total: $9.3632
2026-05-21 12:41:53  INFO  film_meta batch 58/64  (25 films)
2026-05-21 12:43:41  INFO    Checkpoint saved: 4113 films → /Users/jonathanchapman/Documents/data/film_meta/film_meta_progress.json
2026-05-21 12:43:41  INFO    Batch cost: $0.1524  |  Run total: $9.5156
2026-05-21 12:43:44  INFO  film_meta batch 59/64  (25 films)
2026-05-21 12:45:39  INFO    Checkpoint saved: 4138 films → /Users/jonathanchapman/Documents/data/film_meta/film_meta_progress.json
2026-05-21 12:45:39  INFO    Batch cost: $0.1603  |  Run total: $9.6760
2026-05-21 12:45:42  INFO  film_meta batch 60/64  (25 films)
2026-05-21 12:47:45  INFO    Checkpoint saved: 4163 films → /Users/jonathanchapman/Documents/data/film_meta/film_meta_progress.json
2026-05-21 12:47:45  INFO    Batch cost: $0.1684  |  Run total: $9.8444
2026-05-21 12:47:48  INFO  film_meta batch 61/64  (25 films)
2026-05-21 12:49:41  INFO    Checkpoint saved: 4188 films → /Users/jonathanchapman/Documents/data/film_meta/film_meta_progress.json
2026-05-21 12:49:41  INFO    Batch cost: $0.1613  |  Run total: $10.0058
2026-05-21 12:49:44  INFO  film_meta batch 62/64  (25 films)
2026-05-21 12:51:33  INFO    Checkpoint saved: 4213 films → /Users/jonathanchapman/Documents/data/film_meta/film_meta_progress.json
2026-05-21 12:51:33  INFO    Batch cost: $0.1490  |  Run total: $10.1547
2026-05-21 12:51:36  INFO  film_meta batch 63/64  (25 films)
2026-05-21 12:53:40  INFO    Checkpoint saved: 4238 films → /Users/jonathanchapman/Documents/data/film_meta/film_meta_progress.json
2026-05-21 12:53:40  INFO    Batch cost: $0.1640  |  Run total: $10.3187
2026-05-21 12:53:43  INFO  film_meta batch 64/64  (22 films)
2026-05-21 12:55:22  INFO    Checkpoint saved: 4260 films → /Users/jonathanchapman/Documents/data/film_meta/film_meta_progress.json
2026-05-21 12:55:22  INFO    Batch cost: $0.1453  |  Run total: $10.4640
2026-05-21 12:55:23  INFO  film_meta parquet → /Users/jonathanchapman/Documents/data/film_meta/film_meta_enriched.parquet  (4260 films)
2026-05-21 12:55:23  INFO  film_meta tokens — prompt: 34,045,542  completion: 976,317  cost: $10.4640
[32m2026-05-21 12:55:23 +1000[0m - dagster - [34mDEBUG[0m - film_meta_job - 1aff99b2-ddda-46e9-96ad-b9309d742f46 - 76443 - film_meta - STEP_OUTPUT - Yielded output "result" of type "dict". (Type check passed).
[32m2026-05-21 12:55:23 +1000[0m - dagster - [34mDEBUG[0m - film_meta_job - 1aff99b2-ddda-46e9-96ad-b9309d742f46 - film_meta - Writing file at: /Users/jonathanchapman/Documents/git/film_synopsis_meta/.tmp_dagster_home_dp655qzx/storage/film_meta using PickledObjectFilesystemIOManager...
[32m2026-05-21 12:55:23 +1000[0m - dagster - [34mDEBUG[0m - film_meta_job - 1aff99b2-ddda-46e9-96ad-b9309d742f46 - 76443 - film_meta - ASSET_MATERIALIZATION - Materialized value film_meta.
[32m2026-05-21 12:55:23 +1000[0m - dagster - [34mDEBUG[0m - film_meta_job - 1aff99b2-ddda-46e9-96ad-b9309d742f46 - 76443 - film_meta - HANDLED_OUTPUT - Handled output "result" using IO manager "io_manager"
[32m2026-05-21 12:55:23 +1000[0m - dagster - [34mDEBUG[0m - film_meta_job - 1aff99b2-ddda-46e9-96ad-b9309d742f46 - 76443 - film_meta - STEP_SUCCESS - Finished execution of step "film_meta" in 2h12m.
